<?xml version="1.0" encoding="UTF-8"?>
<!-- Generated by org.testng.reporters.JUnitReportReporter -->
<testsuite skipped="0" hostname="LIN35005591" name="com.flipkart.test.functional.TestHomePageActionsUS03" tests="3" failures="0" timestamp="27 Sep 2017 18:53:31 GMT" time="54.416" errors="0">
  <testcase name="testRewardsTC01" time="16.061" classname="com.flipkart.test.functional.TestHomePageActionsUS03"/>
  <testcase name="testWishListTC02" time="19.467" classname="com.flipkart.test.functional.TestHomePageActionsUS03"/>
  <testcase name="testRevengeTC03" time="18.888" classname="com.flipkart.test.functional.TestHomePageActionsUS03"/>
</testsuite> <!-- com.flipkart.test.functional.TestHomePageActionsUS03 -->
