<?xml version="1.0" encoding="UTF-8"?>
<!-- Generated by org.testng.reporters.JUnitReportReporter -->
<testsuite skipped="0" hostname="user-PC" name="com.flipkart.test.smoke.TestLoginUS01" tests="2" failures="0" timestamp="27 Sep 2017 10:15:57 GMT" time="78.345" errors="0">
  <testcase name="testLoginValidTC01" time="48.246" classname="com.flipkart.test.smoke.TestLoginUS01"/>
  <testcase name="testInValidLoginTC02" time="30.099" classname="com.flipkart.test.smoke.TestLoginUS01"/>
</testsuite> <!-- com.flipkart.test.smoke.TestLoginUS01 -->
