<?xml version="1.0" encoding="UTF-8"?>
<!-- Generated by org.testng.reporters.JUnitReportReporter -->
<testsuite skipped="0" hostname="user-PC" name="com.flipkart.test.functional.TestHomePageActionsUS03" tests="3" failures="0" timestamp="27 Sep 2017 10:15:57 GMT" time="123.221" errors="0">
  <testcase name="testRewardsTC01" time="37.277" classname="com.flipkart.test.functional.TestHomePageActionsUS03"/>
  <testcase name="testWishListTC02" time="40.615" classname="com.flipkart.test.functional.TestHomePageActionsUS03"/>
  <testcase name="testRevengeTC03" time="45.329" classname="com.flipkart.test.functional.TestHomePageActionsUS03"/>
</testsuite> <!-- com.flipkart.test.functional.TestHomePageActionsUS03 -->
