<?xml version="1.0" encoding="UTF-8"?>
<!-- Generated by org.testng.reporters.JUnitReportReporter -->
<testsuite skipped="0" hostname="user-PC" name="com.flipkart.test.smoke.TestSignUpUS02" tests="1" failures="0" timestamp="27 Sep 2017 10:15:57 GMT" time="25.799" errors="0">
  <testcase name="testInvalidSignupTc01" time="25.799" classname="com.flipkart.test.smoke.TestSignUpUS02"/>
</testsuite> <!-- com.flipkart.test.smoke.TestSignUpUS02 -->
