<?xml version="1.0" encoding="UTF-8"?>
<!-- Generated by org.testng.reporters.JUnitReportReporter -->
<testsuite skipped="0" hostname="user-PC" name="com.flipkart.test.functional.TestWomenDropdownMenuUS04" tests="1" failures="0" timestamp="27 Sep 2017 10:15:57 GMT" time="30.173" errors="0">
  <testcase name="testWomenFlatsTC01" time="30.173" classname="com.flipkart.test.functional.TestWomenDropdownMenuUS04"/>
</testsuite> <!-- com.flipkart.test.functional.TestWomenDropdownMenuUS04 -->
